<testsuite errors="1" failures="0" hostname="LAPTOP-GLR00F1U" name="Contract Tests" skipped="0" tests="1" time="12.79" timestamp="2026-06-25T19:29:40">
<properties>
[...]
</properties>
<testcase classname="io.specmatic.test.SpecmaticJUnitSupport" name="Contract Tests &gt; SpecmaticJUnitSupport &gt; contractTest() &gt; Scenario: GET /api/events -&gt; 200" time="6.399">
<error message="Cannot connect to server at: http://localhost:5000&#10;Reason: Request timeout has expired [url=http://localhost:5000/api/events, request_timeout=6000 ms]&#10;Please check:&#10;- Is the server running?&#10;- Is the testBaseURL correct?" type="io.specmatic.core.pattern.ContractException"><![CDATA[ContractException(errorMessage=Cannot connect to server at: http://localhost:5000
Reason: Request timeout has expired [url=http://localhost:5000/api/events, request_timeout=6000 ms]
Please check:
- Is the server running?
- Is the testBaseURL correct?, breadCrumb=, exceptionCause=null, scenario=null, failureReason=null, isCycle=false, ruleViolationReport=null)
	at io.specmatic.test.SpecmaticJUnitSupport.dynamicTestStream$lambda$0$1(SpecmaticJUnitSupport.kt:520)
	at java.base/java.util.Optional.ifPresent(Optional.java:178)
	at java.base/java.util.ArrayList.forEach(ArrayList.java:1604)
	at java.base/java.util.ArrayList.forEach(ArrayList.java:1604)
]]></error>
<system-out><![CDATA[
unique-id: [engine:junit-jupiter]/[class:io.specmatic.test.SpecmaticJUnitSupport]/[test-factory:contractTest()]/[dynamic-test:#1]
display-name: Contract Tests > SpecmaticJUnitSupport > contractTest() > Scenario: GET /api/events -> 200
]]></system-out>
</testcase>
<system-out><![CDATA[
unique-id: [engine:junit-jupiter]
display-name: Contract Tests
]]></system-out>
</testsuite>